TN:
SF:src\index.js
FN:34,createLimiter
FN:51,autoLimit
FN:67,createPlanLimiter
FN:81,createPresetLimiter
FNF:4
FNH:3
FNDA:7,createLimiter
FNDA:0,autoLimit
FNDA:4,createPlanLimiter
FNDA:4,createPresetLimiter
DA:3,1
DA:4,1
DA:5,1
DA:35,7
DA:52,0
DA:53,0
DA:68,4
DA:82,4
DA:83,1
DA:87,3
DA:90,1
LF:11
LH:9
BRDA:34,0,0,0
BRDA:51,1,0,0
BRDA:67,2,0,4
BRDA:81,3,0,4
BRDA:82,4,0,1
BRDA:82,4,1,3
BRF:6
BRH:4
end_of_record
TN:
SF:src\analytics\tracker.js
FN:19,(anonymous_0)
FN:34,(anonymous_1)
FN:54,(anonymous_2)
FN:70,(anonymous_3)
FN:86,(anonymous_4)
FN:88,(anonymous_5)
FN:90,(anonymous_6)
FN:98,(anonymous_7)
FN:99,(anonymous_8)
FNF:9
FNH:7
FNDA:16,(anonymous_0)
FNDA:20,(anonymous_1)
FNDA:6,(anonymous_2)
FNDA:1,(anonymous_3)
FNDA:12,(anonymous_4)
FNDA:1,(anonymous_5)
FNDA:9,(anonymous_6)
FNDA:0,(anonymous_7)
FNDA:0,(anonymous_8)
DA:20,16
DA:21,16
DA:23,16
DA:25,16
DA:26,16
DA:35,20
DA:36,20
DA:39,20
DA:41,20
DA:42,6
DA:46,20
DA:47,20
DA:55,6
DA:71,1
DA:72,1
DA:73,1
DA:74,1
DA:75,1
DA:87,12
DA:88,1
DA:90,9
DA:99,0
DA:100,0
DA:101,0
DA:102,0
DA:107,1
LF:26
LH:22
BRDA:36,0,0,6
BRDA:36,0,1,14
BRDA:39,1,0,20
BRDA:39,1,1,9
BRDA:41,2,0,6
BRDA:41,2,1,14
BRDA:42,3,0,6
BRDA:42,3,1,5
BRDA:46,4,0,0
BRDA:46,4,1,20
BRDA:47,5,0,0
BRDA:47,5,1,20
BRDA:59,6,0,5
BRDA:59,6,1,1
BRF:14
BRH:12
end_of_record
TN:
SF:src\core\config.js
FN:95,resolveConfig
FNF:1
FNH:1
FNDA:14,resolveConfig
DA:7,1
DA:34,1
DA:66,1
DA:96,14
DA:99,14
DA:100,3
DA:104,14
DA:107,14
DA:108,5
DA:109,5
DA:110,5
DA:111,1
DA:115,4
DA:116,4
DA:117,4
DA:121,13
DA:122,12
DA:124,12
DA:127,1
LF:19
LH:19
BRDA:95,0,0,0
BRDA:99,1,0,3
BRDA:99,1,1,11
BRDA:99,2,0,14
BRDA:99,2,1,3
BRDA:107,3,0,5
BRDA:107,3,1,9
BRDA:108,4,0,5
BRDA:108,4,1,0
BRDA:110,5,0,1
BRDA:110,5,1,4
BRDA:121,6,0,1
BRDA:121,6,1,12
BRDA:122,7,0,0
BRDA:122,7,1,12
BRF:15
BRH:12
end_of_record
TN:
SF:src\core\limiter.js
FN:37,(anonymous_0)
FN:77,(anonymous_1)
FN:78,(anonymous_2)
FN:140,(anonymous_3)
FN:153,(anonymous_4)
FN:169,(anonymous_5)
FN:194,(anonymous_6)
FN:202,(anonymous_7)
FN:213,(anonymous_8)
FNF:9
FNH:5
FNDA:14,(anonymous_0)
FNDA:0,(anonymous_1)
FNDA:0,(anonymous_2)
FNDA:7,(anonymous_3)
FNDA:0,(anonymous_4)
FNDA:1,(anonymous_5)
FNDA:0,(anonymous_6)
FNDA:7,(anonymous_7)
FNDA:7,(anonymous_8)
DA:3,1
DA:4,1
DA:5,1
DA:6,1
DA:7,1
DA:8,1
DA:9,1
DA:10,1
DA:11,1
DA:12,1
DA:14,1
DA:38,14
DA:41,12
DA:44,12
DA:45,12
DA:46,1
DA:51,11
DA:54,11
DA:55,11
DA:58,11
DA:61,11
DA:64,11
DA:78,0
DA:79,0
DA:81,0
DA:82,0
DA:85,0
DA:86,0
DA:88,0
DA:91,0
DA:94,0
DA:95,0
DA:98,0
DA:99,0
DA:108,0
DA:109,0
DA:112,0
DA:121,0
DA:124,0
DA:125,0
DA:141,7
DA:142,7
DA:143,7
DA:144,7
DA:154,0
DA:155,0
DA:156,0
DA:157,0
DA:170,1
DA:172,1
DA:173,0
DA:179,1
DA:188,1
DA:195,0
DA:203,7
DA:214,7
DA:217,7
DA:218,0
DA:219,0
DA:221,0
DA:225,7
DA:229,1
LF:62
LH:35
BRDA:37,0,0,0
BRDA:41,1,0,12
BRDA:41,1,1,12
BRDA:45,2,0,1
BRDA:45,2,1,11
BRDA:54,3,0,11
BRDA:54,3,1,11
BRDA:64,4,0,2
BRDA:64,4,1,9
BRDA:81,5,0,0
BRDA:81,5,1,0
BRDA:81,6,0,0
BRDA:81,6,1,0
BRDA:94,7,0,0
BRDA:94,7,1,0
BRDA:98,8,0,0
BRDA:98,8,1,0
BRDA:108,9,0,0
BRDA:108,9,1,0
BRDA:156,10,0,0
BRDA:156,10,1,0
BRDA:172,11,0,0
BRDA:172,11,1,1
BRDA:184,12,0,1
BRDA:184,12,1,1
BRDA:217,13,0,0
BRDA:217,13,1,7
BRDA:219,14,0,0
BRDA:219,14,1,0
BRF:29
BRH:12
end_of_record
TN:
SF:src\core\result.js
FN:19,(anonymous_0)
FN:34,(anonymous_1)
FN:38,(anonymous_2)
FNF:3
FNH:1
FNDA:45,(anonymous_0)
FNDA:0,(anonymous_1)
FNDA:0,(anonymous_2)
DA:20,45
DA:21,45
DA:22,45
DA:23,45
DA:24,45
DA:25,45
DA:26,45
DA:27,45
DA:30,45
DA:35,0
DA:39,0
DA:49,1
LF:12
LH:10
BRDA:19,0,0,0
BRDA:19,1,0,45
BRF:2
BRH:1
end_of_record
TN:
SF:src\middleware\headers.js
FN:17,setHeaders
FNF:1
FNH:0
FNDA:0,setHeaders
DA:18,0
DA:19,0
DA:20,0
DA:21,0
DA:23,0
DA:24,0
DA:25,0
DA:29,1
LF:8
LH:1
BRDA:17,0,0,0
BRDA:23,1,0,0
BRDA:23,1,1,0
BRDA:23,2,0,0
BRDA:23,2,1,0
BRF:5
BRH:0
end_of_record
TN:
SF:src\smart\detector.js
FN:22,(anonymous_0)
FN:42,(anonymous_1)
FN:96,(anonymous_2)
FN:112,(anonymous_3)
FNF:4
FNH:1
FNDA:2,(anonymous_0)
FNDA:0,(anonymous_1)
FNDA:0,(anonymous_2)
FNDA:0,(anonymous_3)
DA:23,2
DA:27,2
DA:30,2
DA:43,0
DA:44,0
DA:45,0
DA:47,0
DA:48,0
DA:54,0
DA:58,0
DA:61,0
DA:64,0
DA:65,0
DA:66,0
DA:70,0
DA:71,0
DA:74,0
DA:77,0
DA:78,0
DA:85,0
DA:86,0
DA:89,0
DA:97,0
DA:98,0
DA:99,0
DA:100,0
DA:101,0
DA:108,0
DA:113,0
DA:117,1
LF:30
LH:4
BRDA:47,0,0,0
BRDA:47,0,1,0
BRDA:58,1,0,0
BRDA:58,1,1,0
BRDA:64,2,0,0
BRDA:64,2,1,0
BRDA:77,3,0,0
BRDA:77,3,1,0
BRDA:77,4,0,0
BRDA:77,4,1,0
BRDA:85,5,0,0
BRDA:85,5,1,0
BRDA:85,6,0,0
BRDA:85,6,1,0
BRDA:100,7,0,0
BRDA:100,7,1,0
BRDA:100,8,0,0
BRDA:100,8,1,0
BRF:18
BRH:0
end_of_record
TN:
SF:src\store\memoryStore.js
FN:18,(anonymous_0)
FN:23,(anonymous_1)
FN:33,(anonymous_2)
FN:49,(anonymous_3)
FN:63,(anonymous_4)
FN:80,(anonymous_5)
FN:88,(anonymous_6)
FN:98,(anonymous_7)
FN:103,(anonymous_8)
FN:111,(anonymous_9)
FN:117,(anonymous_10)
FNF:11
FNH:7
FNDA:33,(anonymous_0)
FNDA:0,(anonymous_1)
FNDA:50,(anonymous_2)
FNDA:18,(anonymous_3)
FNDA:37,(anonymous_4)
FNDA:1,(anonymous_5)
FNDA:1,(anonymous_6)
FNDA:0,(anonymous_7)
FNDA:0,(anonymous_8)
FNDA:21,(anonymous_9)
FNDA:0,(anonymous_10)
DA:20,33
DA:23,33
DA:26,33
DA:34,50
DA:35,50
DA:36,21
DA:37,1
DA:38,1
DA:40,20
DA:50,18
DA:64,37
DA:65,37
DA:67,37
DA:68,17
DA:69,17
DA:72,20
DA:73,20
DA:81,1
DA:89,1
DA:90,1
DA:91,1
DA:92,3
DA:94,1
DA:99,0
DA:104,0
DA:105,0
DA:106,0
DA:112,21
DA:113,21
DA:118,0
DA:122,1
LF:31
LH:26
BRDA:26,0,0,33
BRDA:26,0,1,0
BRDA:35,1,0,29
BRDA:35,1,1,21
BRDA:36,2,0,1
BRDA:36,2,1,20
BRDA:67,3,0,17
BRDA:67,3,1,20
BRDA:67,4,0,37
BRDA:67,4,1,21
BRDA:92,5,0,2
BRDA:92,5,1,1
BRDA:106,6,0,0
BRDA:106,6,1,0
BRF:14
BRH:11
end_of_record
TN:
SF:src\strategies\fixedWindow.js
FN:20,fixedWindowCheck
FNF:1
FNH:1
FNDA:16,fixedWindowCheck
DA:3,1
DA:21,16
DA:22,16
DA:23,16
DA:24,16
DA:26,16
DA:27,16
DA:29,16
DA:40,1
LF:9
LH:9
BRDA:34,0,0,13
BRDA:34,0,1,3
BRF:2
BRH:2
end_of_record
TN:
SF:src\strategies\slidingWindow.js
FN:30,slidingWindowCheck
FNF:1
FNH:1
FNDA:17,slidingWindowCheck
DA:3,1
DA:31,17
DA:32,17
DA:33,17
DA:34,17
DA:36,17
DA:37,17
DA:40,17
DA:43,17
DA:46,17
DA:47,17
DA:50,17
DA:52,17
DA:53,2
DA:65,15
DA:67,15
DA:78,1
LF:17
LH:17
BRDA:46,0,0,17
BRDA:46,0,1,6
BRDA:47,1,0,17
BRDA:47,1,1,17
BRDA:52,2,0,2
BRDA:52,2,1,15
BRF:6
BRH:6
end_of_record
TN:
SF:src\strategies\tokenBucket.js
FN:26,tokenBucketCheck
FNF:1
FNH:1
FNDA:12,tokenBucketCheck
DA:3,1
DA:27,12
DA:28,12
DA:29,12
DA:30,12
DA:32,12
DA:34,12
DA:36,4
DA:37,4
DA:38,4
DA:50,8
DA:51,8
DA:52,8
DA:54,8
DA:56,1
DA:57,1
DA:59,1
DA:71,7
DA:72,7
DA:74,7
DA:85,1
LF:21
LH:21
BRDA:34,0,0,4
BRDA:34,0,1,8
BRDA:54,1,0,1
BRDA:54,1,1,7
BRF:4
BRH:4
end_of_record
TN:
SF:src\utils\keyGenerator.js
FN:15,getIP
FN:38,getUserId
FN:56,getApiKey
FN:81,resolveKeyGenerator
FNF:4
FNH:1
FNDA:0,getIP
FNDA:0,getUserId
FNDA:0,getApiKey
FNDA:11,resolveKeyGenerator
DA:16,0
DA:17,0
DA:19,0
DA:21,0
DA:40,0
DA:44,0
DA:58,0
DA:59,0
DA:60,0
DA:64,0
DA:65,0
DA:68,0
DA:69,0
DA:72,0
DA:82,11
DA:84,11
DA:85,11
DA:86,0
DA:87,0
DA:89,0
DA:95,1
LF:21
LH:4
BRDA:17,0,0,0
BRDA:17,0,1,0
BRDA:22,1,0,0
BRDA:22,1,1,0
BRDA:22,1,2,0
BRDA:22,1,3,0
BRDA:22,1,4,0
BRDA:40,2,0,0
BRDA:40,2,1,0
BRDA:40,2,2,0
BRDA:40,2,3,0
BRDA:40,2,4,0
BRDA:40,2,5,0
BRDA:40,2,6,0
BRDA:44,3,0,0
BRDA:44,3,1,0
BRDA:59,4,0,0
BRDA:59,4,1,0
BRDA:59,5,0,0
BRDA:59,5,1,0
BRDA:65,6,0,0
BRDA:65,6,1,0
BRDA:68,7,0,0
BRDA:68,7,1,0
BRDA:69,8,0,0
BRDA:69,8,1,0
BRDA:82,9,0,0
BRDA:82,9,1,11
BRDA:84,10,0,11
BRDA:84,10,1,0
BRDA:84,10,2,0
BRDA:84,10,3,0
BRF:32
BRH:2
end_of_record
TN:
SF:src\utils\logger.js
FN:23,createLogger
FN:26,(anonymous_1)
FN:27,(anonymous_2)
FN:28,(anonymous_3)
FN:29,(anonymous_4)
FN:34,(anonymous_5)
FN:45,(anonymous_6)
FN:58,(anonymous_7)
FN:66,(anonymous_8)
FN:70,(anonymous_9)
FNF:10
FNH:1
FNDA:11,createLogger
FNDA:0,(anonymous_1)
FNDA:0,(anonymous_2)
FNDA:0,(anonymous_3)
FNDA:0,(anonymous_4)
FNDA:0,(anonymous_5)
FNDA:0,(anonymous_6)
FNDA:0,(anonymous_7)
FNDA:0,(anonymous_8)
FNDA:0,(anonymous_9)
DA:4,1
DA:5,1
DA:24,11
DA:25,11
DA:33,0
DA:34,0
DA:36,0
DA:46,0
DA:47,0
DA:59,0
DA:67,0
DA:71,0
DA:76,1
LF:13
LH:5
BRDA:4,0,0,1
BRDA:4,0,1,1
BRDA:6,1,0,1
BRDA:6,1,1,0
BRDA:7,2,0,1
BRDA:7,2,1,0
BRDA:8,3,0,1
BRDA:8,3,1,0
BRDA:9,4,0,1
BRDA:9,4,1,0
BRDA:10,5,0,1
BRDA:10,5,1,0
BRDA:11,6,0,1
BRDA:11,6,1,0
BRDA:12,7,0,1
BRDA:12,7,1,0
BRDA:13,8,0,1
BRDA:13,8,1,0
BRDA:24,9,0,11
BRDA:24,9,1,0
BRDA:45,10,0,0
BRDA:46,11,0,0
BRDA:46,11,1,0
BRF:23
BRH:11
end_of_record
